This is pdfTeX, Version 3.1415926-2.4-1.40.13 (TeX Live 2012/Debian) (format=padraohifen 2015.2.12)  12 FEB 2015 15:36
 restricted \write18 enabled.
 %&-line parsing enabled.
**texsalq-doc
(./texsalq-doc.tex (./macros/texsalq.tex
TeXSALQ: Dissertacoes e teses na ESALQ - USP, v. <beta(b) Out. 2014>
\testinput=\read0

(./macros/opmac.tex
This is OPmac (Olsak's Plain macros), version <Oct. 2014>
\tmpnum=\count28
\tmpdim=\dimen16
\iindent=\dimen17
\ttindent=\dimen18
\colsep=\dimen19
\mnoteindent=\dimen20
\mnotesize=\dimen21
\ptunit=\dimen22
\fontdim=\dimen23
\reffile=\write0
\testin=\read1
\chapnum=\count29
\secnum=\count30
\seccnum=\count31
\nonumnum=\count32
\remskipamount=\skip18
\tnum=\count33
\fnum=\count34
\dnum=\count35
\itemnum=\count36
\lastpage=\count37
\oulnum=\count38
\ttline=\count39
\viline=\count40
\vifile=\read2
\tabdata=\toks12
\colnum=\count41
\picwidth=\dimen24
\picheight=\dimen25
\fnotenum=\count42
\fnotenumlocal=\count43
\mnotenum=\count44
\mnoteskip=\dimen26
\auxfile=\write1
\bibnum=\count45
\bibmark=\toks13
\lastcitenum=\count46
\pgwidth=\dimen27
\pgheight=\dimen28
\shiftoffset=\dimen29
(./texsalq-doc.ref)
\openout0 = `texsalq-doc.ref'.

)
\tempboxa=\box16
\mylen=\dimen30
\flushgluel=\skip19
\flushgluer=\skip20
\title=\toks14
\author=\toks15
\supervisor=\toks16
\city=\toks17
\date=\toks18
\titarea=\toks19
\concarea=\toks20
\concareaEN=\toks21
\authorinfo=\toks22
\workname=\toks23
\pagetwo=\toks24
\titleEN=\toks25
\titlePT=\toks26
\abstractEN=\toks27
\abstractPT=\toks28
\keywordsEN=\toks29
\keywordsPT=\toks30
\dedication=\toks31
\thanks=\toks32
\epigraph=\toks33
 (./macros/fontch_fixed.tex
File: fontch.tex [v2.2 (2010/04/12) font change package for plain TeX]
\bigsize=\dimen31
\Bigsize=\dimen32
\biggsize=\dimen33
\Biggsize=\dimen34

*** T1 option activated. cork-LM fonts are used ***
\mibfam=\fam8
\bsyfam=\fam9
\ssfam=\fam10
\cscfam=\fam11
)
\secccnum=\count47
\appnum=\count48
\numA=\count49
\numB=\count50
\numC=\count51
\numD=\count52
\numE=\count53
\maxglosindent=\dimen35
\rfcnum=\count54
 (./bib/abntcite-plain.tex
\@savsk=\dimen36
\@savsf=\count55
\auxfile=\write2
\bibnum=\count56
\bibindent=\dimen37
\minimumbiblabelwidth=\dimen38
\ABCIauxlen=\dimen39
\ABCIaux=\count57
\ABCImax=\count58
\biblabelsep=\dimen40
)
\openout2 = `texsalq-doc.aux'.

)
English hyphenation used (\language=0). \nonfrenchspacing is set on. [-1{/var/l
ib/texmf/fonts/map/pdftex/updmap/pdftex.map}] [1] [2]
Underfull \hbox (badness 7415) in paragraph at lines 69--69
 []\twelveit Ao passado,

\hbox(8.26648+2.33331)x455.24411, glue set 4.20508
.\glue(\leftskip) 150.0 plus 48.0
.\hbox(0.0+0.0)x42.67912
.\twelveit A
.\kern-0.6
.\twelveit o
.\glue(\spaceskip) 3.99957
.\twelveit p
.\kern-0.6
.\twelveit a
.\twelveit s
.\twelveit s
.\twelveit a
.\twelveit d
.\twelveit o
.\twelveit ,
.\penalty 10000
.\glue(\parfillskip) 0.0
.\glue(\rightskip) 0.0


Underfull \hbox (badness 6725) in paragraph at lines 69--69
 []\twelveit ao presente e

\hbox(7.56274+2.33331)x455.24411, glue set 4.06908
.\glue(\leftskip) 150.0 plus 48.0
.\hbox(0.0+0.0)x42.67912
.\twelveit a
.\twelveit o
.\glue(\spaceskip) 3.99957
.\twelveit p
.\twelveit r
.\kern-0.6
.\twelveit e
.\twelveit s
.\twelveit e
.\twelveit n
.\twelveit t
.\twelveit e
.\glue(\spaceskip) 3.99957
.\twelveit e
.\penalty 10000
.\glue(\parfillskip) 0.0
.\glue(\rightskip) 0.0


Underfull \hbox (badness 10000) in paragraph at lines 69--69
 []\twelveit ao fu-turo

\hbox(8.26648+2.33331)x455.24411, glue set 4.50241
.\glue(\leftskip) 150.0 plus 48.0
.\hbox(0.0+0.0)x42.67912
.\twelveit a
.\twelveit o
.\glue(\spaceskip) 3.99957
.\twelveit f
.\twelveit u
.\discretionary
..\twelveit -
.\twelveit t
.\twelveit u
.\twelveit r
.\kern-0.6
.\twelveit o
.\penalty 10000
.\glue(\parfillskip) 0.0
.\glue(\rightskip) 0.0


Underfull \hbox (badness 2726) in paragraph at lines 69--69
 []\twelveit Com amor, \twelvebfit DEDICO

\hbox(8.26648+2.33331)x455.24411, glue set 3.01007
.\glue(\leftskip) 150.0 plus 48.0
.\hbox(0.0+0.0)x42.67912
.\twelveit C
.\twelveit o
.\twelveit m
.\glue(\spaceskip) 3.99957
.\twelveit a
.\twelveit m
.\twelveit o
.\twelveit r
.\twelveit ,
.\glue 3.99957
.\twelvebfit D
.\twelvebfit E
.\twelvebfit D
.\twelvebfit I
.\twelvebfit C
.\twelvebfit O
.\penalty 10000
.\glue(\parfillskip) 0.0
.\glue(\rightskip) 0.0

[3] [4] [5] [6] [7] [8]
English hyphenation used (\language=0). \nonfrenchspacing is set on. [9]
[10] Portuguese hyphenation used (\language=7). \frenchspacing is set on.
[11] [12] [13] [14]
Underfull \hbox (badness 3428) detected at line 69
\twelverm Table []1[] -

\hbox(8.26648+0.0)x58.74916, glue set 3.2499
.\twelverm T
.\kern-0.97916
.\twelverm a
.\twelverm b
.\twelverm l
.\twelverm e
.\glue 3.91661 plus 1.9583 minus 1.30554
.\pdfstartlink(10.57477+3.52498)x* attr{/C[1 .8 0] /Border[0 0 .6]} action goto
 name{ref:soils}
.\twelverm 1
.\pdfendlink
.\glue 3.91661 plus 1.9583 minus 1.30554
.\twelverm -


Underfull \hbox (badness 3428) detected at line 69
\twelverm Table []1[] -

\hbox(8.26648+0.0)x58.74916, glue set 3.2499
.\twelverm T
.\kern-0.97916
.\twelverm a
.\twelverm b
.\twelverm l
.\twelverm e
.\glue 3.91661 plus 1.9583 minus 1.30554
.\pdfstartlink(10.57477+3.52498)x* attr{/C[1 .8 0] /Border[0 0 .6]} action goto
 name{ref:soils}
.\twelverm 1
.\pdfendlink
.\glue 3.91661 plus 1.9583 minus 1.30554
.\twelverm -


Underfull \hbox (badness 3428) detected at line 69
\twelverm Table []2[] -

\hbox(8.26648+0.0)x58.74916, glue set 3.2499
.\twelverm T
.\kern-0.97916
.\twelverm a
.\twelverm b
.\twelverm l
.\twelverm e
.\glue 3.91661 plus 1.9583 minus 1.30554
.\pdfstartlink(10.57477+3.52498)x* attr{/C[1 .8 0] /Border[0 0 .6]} action goto
 name{ref:general_param}
.\twelverm 2
.\pdfendlink
.\glue 3.91661 plus 1.9583 minus 1.30554
.\twelverm -


Underfull \hbox (badness 3428) detected at line 69
\twelverm Table []2[] -

\hbox(8.26648+0.0)x58.74916, glue set 3.2499
.\twelverm T
.\kern-0.97916
.\twelverm a
.\twelverm b
.\twelverm l
.\twelverm e
.\glue 3.91661 plus 1.9583 minus 1.30554
.\pdfstartlink(10.57477+3.52498)x* attr{/C[1 .8 0] /Border[0 0 .6]} action goto
 name{ref:general_param}
.\twelverm 2
.\pdfendlink
.\glue 3.91661 plus 1.9583 minus 1.30554
.\twelverm -


Underfull \hbox (badness 3428) detected at line 69
\twelverm Table []3[] -

\hbox(8.26648+0.0)x58.74916, glue set 3.2499
.\twelverm T
.\kern-0.97916
.\twelverm a
.\twelverm b
.\twelverm l
.\twelverm e
.\glue 3.91661 plus 1.9583 minus 1.30554
.\pdfstartlink(10.57477+3.52498)x* attr{/C[1 .8 0] /Border[0 0 .6]} action goto
 name{ref:MMparam}
.\twelverm 3
.\pdfendlink
.\glue 3.91661 plus 1.9583 minus 1.30554
.\twelverm -


Underfull \hbox (badness 3428) detected at line 69
\twelverm Table []3[] -

\hbox(8.26648+0.0)x58.74916, glue set 3.2499
.\twelverm T
.\kern-0.97916
.\twelverm a
.\twelverm b
.\twelverm l
.\twelverm e
.\glue 3.91661 plus 1.9583 minus 1.30554
.\pdfstartlink(10.57477+3.52498)x* attr{/C[1 .8 0] /Border[0 0 .6]} action goto
 name{ref:MMparam}
.\twelverm 3
.\pdfendlink
.\glue 3.91661 plus 1.9583 minus 1.30554
.\twelverm -

[15] (./introduction.tex [16]) (./literature.tex [17] [18]) (./methodology.tex
[19] [20] [21 <./figuras/I_and_Linear.pdf>] [22] [23] [24] [25] [26] [27])
(./results.tex [28] (./tables/soils.tex) (./tables/general_param.tex)
(./tables/MMparam.tex) [29] [30]

pdfTeX warning: pdftex (file ./figuras/diffs_t.pdf): PDF inclusion: found PDF v
ersion <1.5>, but at most version <1.4> allowed


pdfTeX warning: pdftex (file ./figuras/diffs_r.pdf): PDF inclusion: found PDF v
ersion <1.5>, but at most version <1.4> allowed
[31 <./figuras/diffs_t.pdf>]

pdfTeX warning: pdftex (file ./figuras/accumxt.pdf): PDF inclusion: found PDF v
ersion <1.5>, but at most version <1.4> allowed
[32 <./figuras/diffs_r.pdf> <./figuras/accumxt.pdf

pdfTeX warning: pdftex (file ./figuras/accumxt.pdf): PDF inclusion: multiple pd
fs with page group included in a single page
>]

pdfTeX warning: pdftex (file ./figuras/diffs_tr.pdf): PDF inclusion: found PDF 
version <1.5>, but at most version <1.4> allowed
[33 <./figuras/diffs_tr.pdf>] [34] [35]

pdfTeX warning: pdftex (file ./figuras/cxt.pdf): PDF inclusion: found PDF versi
on <1.5>, but at most version <1.4> allowed


pdfTeX warning: pdftex (file ./figuras/cxr.pdf): PDF inclusion: found PDF versi
on <1.5>, but at most version <1.4> allowed


pdfTeX warning: pdftex (file ./figuras/fluxesxt.pdf): PDF inclusion: found PDF 
version <1.5>, but at most version <1.4> allowed
[36 <./figuras/cxt.pdf> <./figuras/cxr.pdf

pdfTeX warning: pdftex (file ./figuras/cxr.pdf): PDF inclusion: multiple pdfs w
ith page group included in a single page
>]

pdfTeX warning: pdftex (file ./figuras/Trs.pdf): PDF inclusion: found PDF versi
on <1.5>, but at most version <1.4> allowed
) (./conclusions.tex [37 <./figuras/fluxesxt.pdf> <./figuras/Trs.pdf

pdfTeX warning: pdftex (file ./figuras/Trs.pdf): PDF inclusion: multiple pdfs w
ith page group included in a single page
>] [38]) [39] [40] (./texsalq-doc.bbl
Underfull \hbox (badness 6364) in paragraph at lines 47--52
[]\twelverm FEDDES, R.; RAATS, P. Pa-ram-e-ter-iz-ing the soil--water--plant ro
ot sys-tem.

\hbox(8.26648+2.33331)x455.24411, glue set 3.99567
.\vbox(0.0+0.0)x0.0, glue set 16.44969fil
..\kern -16.44969
..\pdfdest name{cite:5} xyz
..\glue 0.0 plus 1.0fil minus 1.0fil
.\twelverm F
.\twelverm E
.\twelverm D
.\twelverm D
.\twelverm E
.\twelverm S
.\twelverm ,
.\glue 3.91661 plus 1.9583 minus 1.30554
.\twelverm R
.\twelverm .
.\twelverm ;
.\glue 3.91661 plus 2.93744 minus 0.87036
.\twelverm R
.\twelverm A
.\twelverm A
.\kern-0.97916
.\twelverm T
.\twelverm S
.\twelverm ,
.\glue 3.91661 plus 1.9583 minus 1.30554
.\twelverm P
.\kern-0.97916
.\twelverm .
.\glue 3.91661 plus 1.9583 minus 1.30554
.\twelverm P
.\kern-0.3264
.\twelverm a
.\discretionary
..\twelverm -
.\twelverm r
.etc.

) [41] ){/usr/share/texmf/fonts/enc/dvips/lm/lm-ec.enc}</usr/share/texlive/texm
f-dist/fonts/type1/public/amsfonts/cm/cmex10.pfb></usr/share/texlive/texmf-dist
/fonts/type1/public/amsfonts/cm/cmmi10.pfb></usr/share/texlive/texmf-dist/fonts
/type1/public/amsfonts/cm/cmmi12.pfb></usr/share/texlive/texmf-dist/fonts/type1
/public/amsfonts/cm/cmmi6.pfb></usr/share/texlive/texmf-dist/fonts/type1/public
/amsfonts/cm/cmmi7.pfb></usr/share/texlive/texmf-dist/fonts/type1/public/amsfon
ts/cm/cmmi8.pfb></usr/share/texlive/texmf-dist/fonts/type1/public/amsfonts/cm/c
msy10.pfb></usr/share/texlive/texmf-dist/fonts/type1/public/amsfonts/cm/cmsy7.p
fb></usr/share/texlive/texmf-dist/fonts/type1/public/amsfonts/cm/cmsy8.pfb></us
r/share/texlive/texmf-dist/fonts/type1/public/cs/csbxti10.pfb></usr/share/texmf
/fonts/type1/public/lm/lmbx10.pfb></usr/share/texmf/fonts/type1/public/lm/lmbx1
2.pfb></usr/share/texmf/fonts/type1/public/lm/lmr10.pfb></usr/share/texmf/fonts
/type1/public/lm/lmr12.pfb></usr/share/texmf/fonts/type1/public/lm/lmr6.pfb></u
sr/share/texmf/fonts/type1/public/lm/lmr7.pfb></usr/share/texmf/fonts/type1/pub
lic/lm/lmr8.pfb></usr/share/texmf/fonts/type1/public/lm/lmri12.pfb>
Output written on texsalq-doc.pdf (42 pages, 566583 bytes).
PDF statistics:
 572 PDF objects out of 1000 (max. 8388607)
 97 named destinations out of 1000 (max. 500000)
 46 words of extra memory for PDF output out of 10000 (max. 10000000)

